ERROR info.magnolia.rest.registry.EndpointDefinitionRegistry 24.12.2020 11:32:32 -- Error happens when checking endpoint duplications.
java.lang.NullPointerException: null
	at info.magnolia.rest.registry.EndpointDefinitionRegistry.lambda$onRegister$1(EndpointDefinitionRegistry.java:129) ~[magnolia-rest-integration-2.2.5.jar:?]
	at java.util.stream.ReferencePipeline$2$1.accept(ReferencePipeline.java:174) ~[?:1.8.0_275]
	at java.util.stream.ReferencePipeline$2$1.accept(ReferencePipeline.java:175) ~[?:1.8.0_275]
	at java.util.ArrayList$ArrayListSpliterator.tryAdvance(ArrayList.java:1361) ~[?:1.8.0_275]
	at java.util.stream.ReferencePipeline.forEachWithCancel(ReferencePipeline.java:126) ~[?:1.8.0_275]
	at java.util.stream.AbstractPipeline.copyIntoWithCancel(AbstractPipeline.java:499) ~[?:1.8.0_275]
	at java.util.stream.AbstractPipeline.copyInto(AbstractPipeline.java:486) ~[?:1.8.0_275]
	at java.util.stream.AbstractPipeline.wrapAndCopyInto(AbstractPipeline.java:472) ~[?:1.8.0_275]
	at java.util.stream.FindOps$FindOp.evaluateSequential(FindOps.java:152) ~[?:1.8.0_275]
	at java.util.stream.AbstractPipeline.evaluate(AbstractPipeline.java:234) ~[?:1.8.0_275]
	at java.util.stream.ReferencePipeline.findFirst(ReferencePipeline.java:531) ~[?:1.8.0_275]
	at info.magnolia.rest.registry.EndpointDefinitionRegistry.onRegister(EndpointDefinitionRegistry.java:131) ~[magnolia-rest-integration-2.2.5.jar:?]
	at info.magnolia.rest.registry.EndpointDefinitionRegistry.register(EndpointDefinitionRegistry.java:113) ~[magnolia-rest-integration-2.2.5.jar:?]
	at info.magnolia.config.source.yaml.YamlConfigurationSource.loadAndRegister(YamlConfigurationSource.java:142) ~[magnolia-configuration-6.2.5.jar:?]
	at info.magnolia.config.source.yaml.AbstractFileResourceConfigurationSource.lambda$start$2(AbstractFileResourceConfigurationSource.java:162) ~[magnolia-configuration-6.2.5.jar:?]
	at info.magnolia.resourceloader.layered.LayeredResourceOrigin$RelayingChangeHandler.onResourceChanged(LayeredResourceOrigin.java:290) [magnolia-resource-loader-6.2.5.jar:?]
	at info.magnolia.resourceloader.AbstractResourceOrigin.dispatchResourceChange(AbstractResourceOrigin.java:132) [magnolia-resource-loader-6.2.5.jar:?]
	at info.magnolia.resourceloader.file.FileWatcherCallback.dispatchResourceChange(FileWatcherCallback.java:118) [magnolia-resource-loader-6.2.5.jar:?]
	at info.magnolia.resourceloader.file.FileWatcherCallback.added(FileWatcherCallback.java:78) [magnolia-resource-loader-6.2.5.jar:?]
	at info.magnolia.dirwatch.DirectoryWatcher.processEvent(DirectoryWatcher.java:299) [magnolia-resource-loader-6.2.5.jar:?]
	at info.magnolia.dirwatch.DirectoryWatcher.run(DirectoryWatcher.java:247) [magnolia-resource-loader-6.2.5.jar:?]
	at java.util.concurrent.Executors$RunnableAdapter.call(Executors.java:511) [?:1.8.0_275]
	at java.util.concurrent.FutureTask.run(FutureTask.java:266) [?:1.8.0_275]
	at java.util.concurrent.ThreadPoolExecutor.runWorker(ThreadPoolExecutor.java:1149) [?:1.8.0_275]
	at java.util.concurrent.ThreadPoolExecutor$Worker.run(ThreadPoolExecutor.java:624) [?:1.8.0_275]
	at java.lang.Thread.run(Thread.java:748) [?:1.8.0_275]
ERROR info.magnolia.rendering.engine.ModeDependentRenderExceptionHandler 24.12.2020 11:48:23 -- Error while rendering [/angular-minimal] with template [angular-minimal-lm:pages/basic] for URI [/angular-minimal/.html]:
RenderException: Failed to render the spa script '/angular-minimal-lm/webresources/build/index.html'
info.magnolia.rendering.engine.RenderException: Failed to render the spa script '/angular-minimal-lm/webresources/build/index.html'
	at info.magnolia.rendering.spa.renderer.SpaRenderer.onRender(SpaRenderer.java:113) ~[magnolia-spa-rendering-6.2.4.jar:?]
	at info.magnolia.rendering.renderer.AbstractRenderer.render(AbstractRenderer.java:166) ~[magnolia-rendering-6.2.5.jar:?]
	at info.magnolia.rendering.engine.DefaultRenderingEngine.render(DefaultRenderingEngine.java:119) [magnolia-rendering-6.2.5.jar:?]
	at info.magnolia.rendering.engine.DefaultRenderingEngine$$EnhancerByCGLIB$$e73b37fe.render(<generated>) [magnolia-rendering-6.2.5.jar:?]
	at info.magnolia.rendering.engine.RenderingFilter.render(RenderingFilter.java:195) [magnolia-rendering-6.2.5.jar:?]
	at info.magnolia.rendering.engine.RenderingFilter.handleTemplateRequest(RenderingFilter.java:140) [magnolia-rendering-6.2.5.jar:?]
	at info.magnolia.rendering.engine.RenderingFilter.doFilter(RenderingFilter.java:94) [magnolia-rendering-6.2.5.jar:?]
	at info.magnolia.cms.filters.AbstractMgnlFilter.doFilter(AbstractMgnlFilter.java:85) [magnolia-core-6.2.5.jar:?]
	at info.magnolia.cms.filters.MgnlFilterChain.doFilter(MgnlFilterChain.java:79) [magnolia-core-6.2.5.jar:?]
	at info.magnolia.rendering.model.ModelExecutionFilter.doFilter(ModelExecutionFilter.java:109) [magnolia-rendering-6.2.5.jar:?]
	at info.magnolia.cms.filters.OncePerRequestAbstractMgnlFilter.doFilter(OncePerRequestAbstractMgnlFilter.java:59) [magnolia-core-6.2.5.jar:?]
	at info.magnolia.cms.filters.MgnlFilterChain.doFilter(MgnlFilterChain.java:79) [magnolia-core-6.2.5.jar:?]
	at info.magnolia.cms.filters.AggregatorFilter.doFilter(AggregatorFilter.java:133) [magnolia-core-6.2.5.jar:?]
	at info.magnolia.cms.filters.AbstractMgnlFilter.doFilter(AbstractMgnlFilter.java:85) [magnolia-core-6.2.5.jar:?]
	at info.magnolia.cms.filters.MgnlFilterChain.doFilter(MgnlFilterChain.java:79) [magnolia-core-6.2.5.jar:?]
	at info.magnolia.cms.security.BaseSecurityFilter.doFilter(BaseSecurityFilter.java:57) [magnolia-core-6.2.5.jar:?]
	at info.magnolia.cms.filters.AbstractMgnlFilter.doFilter(AbstractMgnlFilter.java:85) [magnolia-core-6.2.5.jar:?]
	at info.magnolia.cms.filters.MgnlFilterChain.doFilter(MgnlFilterChain.java:79) [magnolia-core-6.2.5.jar:?]
	at info.magnolia.cms.filters.RepositoryMappingFilter.doFilter(RepositoryMappingFilter.java:122) [magnolia-core-6.2.5.jar:?]
	at info.magnolia.cms.filters.AbstractMgnlFilter.doFilter(AbstractMgnlFilter.java:85) [magnolia-core-6.2.5.jar:?]
	at info.magnolia.cms.filters.MgnlFilterChain.doFilter(MgnlFilterChain.java:79) [magnolia-core-6.2.5.jar:?]
	at info.magnolia.cms.filters.CompositeFilter.doFilter(CompositeFilter.java:65) [magnolia-core-6.2.5.jar:?]
	at info.magnolia.cms.filters.AbstractMgnlFilter.doFilter(AbstractMgnlFilter.java:85) [magnolia-core-6.2.5.jar:?]
	at info.magnolia.cms.filters.MgnlFilterChain.doFilter(MgnlFilterChain.java:79) [magnolia-core-6.2.5.jar:?]
	at info.magnolia.cms.filters.MgnlFilterChain.doFilter(MgnlFilterChain.java:74) [magnolia-core-6.2.5.jar:?]
	at info.magnolia.cms.filters.MgnlFilterChain.doFilter(MgnlFilterChain.java:81) [magnolia-core-6.2.5.jar:?]
	at info.magnolia.cms.filters.MgnlFilterChain.doFilter(MgnlFilterChain.java:81) [magnolia-core-6.2.5.jar:?]
	at info.magnolia.cms.filters.MgnlFilterChain.doFilter(MgnlFilterChain.java:81) [magnolia-core-6.2.5.jar:?]
	at info.magnolia.cms.filters.MgnlFilterChain.doFilter(MgnlFilterChain.java:81) [magnolia-core-6.2.5.jar:?]
	at info.magnolia.cms.filters.MgnlFilterChain.doFilter(MgnlFilterChain.java:81) [magnolia-core-6.2.5.jar:?]
	at info.magnolia.cms.filters.MgnlFilterChain.doFilter(MgnlFilterChain.java:81) [magnolia-core-6.2.5.jar:?]
	at info.magnolia.cms.filters.MgnlFilterChain.doFilter(MgnlFilterChain.java:81) [magnolia-core-6.2.5.jar:?]
	at info.magnolia.cms.filters.MgnlFilterChain.doFilter(MgnlFilterChain.java:81) [magnolia-core-6.2.5.jar:?]
	at info.magnolia.cms.filters.CompositeFilter.doFilter(CompositeFilter.java:65) [magnolia-core-6.2.5.jar:?]
	at info.magnolia.cms.filters.AbstractMgnlFilter.doFilter(AbstractMgnlFilter.java:85) [magnolia-core-6.2.5.jar:?]
	at info.magnolia.cms.filters.MgnlFilterChain.doFilter(MgnlFilterChain.java:79) [magnolia-core-6.2.5.jar:?]
	at info.magnolia.virtualuri.VirtualUriFilter.doFilter(VirtualUriFilter.java:98) [magnolia-virtual-uri-6.2.5.jar:?]
	at info.magnolia.cms.filters.AbstractMgnlFilter.doFilter(AbstractMgnlFilter.java:85) [magnolia-core-6.2.5.jar:?]
	at info.magnolia.cms.filters.MgnlFilterChain.doFilter(MgnlFilterChain.java:79) [magnolia-core-6.2.5.jar:?]
	at info.magnolia.cms.filters.MgnlFilterChain.doFilter(MgnlFilterChain.java:81) [magnolia-core-6.2.5.jar:?]
	at info.magnolia.module.cache.executor.Bypass.processCacheRequest(Bypass.java:58) [magnolia-cache-core-5.9.2.jar:?]
	at info.magnolia.module.cache.executor.CompositeExecutor.processCacheRequest(CompositeExecutor.java:66) [magnolia-cache-core-5.9.2.jar:?]
	at info.magnolia.module.cache.filter.CacheFilter.doFilter(CacheFilter.java:164) [magnolia-cache-core-5.9.2.jar:?]
	at info.magnolia.cms.filters.AbstractMgnlFilter.doFilter(AbstractMgnlFilter.java:85) [magnolia-core-6.2.5.jar:?]
	at info.magnolia.cms.filters.MgnlFilterChain.doFilter(MgnlFilterChain.java:79) [magnolia-core-6.2.5.jar:?]
	at info.magnolia.cms.i18n.I18nContentSupportFilter.doFilter(I18nContentSupportFilter.java:85) [magnolia-core-6.2.5.jar:?]
	at info.magnolia.cms.filters.AbstractMgnlFilter.doFilter(AbstractMgnlFilter.java:85) [magnolia-core-6.2.5.jar:?]
	at info.magnolia.cms.filters.MgnlFilterChain.doFilter(MgnlFilterChain.java:79) [magnolia-core-6.2.5.jar:?]
	at info.magnolia.cms.filters.RangeSupportFilter.doFilter(RangeSupportFilter.java:78) [magnolia-core-6.2.5.jar:?]
	at info.magnolia.cms.filters.AbstractMgnlFilter.doFilter(AbstractMgnlFilter.java:85) [magnolia-core-6.2.5.jar:?]
	at info.magnolia.cms.filters.MgnlFilterChain.doFilter(MgnlFilterChain.java:79) [magnolia-core-6.2.5.jar:?]
	at info.magnolia.cms.filters.MgnlFilterChain.doFilter(MgnlFilterChain.java:81) [magnolia-core-6.2.5.jar:?]
	at info.magnolia.cms.security.BaseSecurityFilter.doFilter(BaseSecurityFilter.java:57) [magnolia-core-6.2.5.jar:?]
	at info.magnolia.cms.filters.AbstractMgnlFilter.doFilter(AbstractMgnlFilter.java:85) [magnolia-core-6.2.5.jar:?]
	at info.magnolia.cms.filters.MgnlFilterChain.doFilter(MgnlFilterChain.java:79) [magnolia-core-6.2.5.jar:?]
	at info.magnolia.cms.filters.MgnlFilterChain.doFilter(MgnlFilterChain.java:81) [magnolia-core-6.2.5.jar:?]
	at info.magnolia.cms.security.SecurityCallbackFilter.doFilter(SecurityCallbackFilter.java:84) [magnolia-core-6.2.5.jar:?]
	at info.magnolia.cms.filters.OncePerRequestAbstractMgnlFilter.doFilter(OncePerRequestAbstractMgnlFilter.java:59) [magnolia-core-6.2.5.jar:?]
	at info.magnolia.cms.filters.MgnlFilterChain.doFilter(MgnlFilterChain.java:79) [magnolia-core-6.2.5.jar:?]
	at info.magnolia.cms.security.LogoutFilter.doFilter(LogoutFilter.java:94) [magnolia-core-6.2.5.jar:?]
	at info.magnolia.cms.filters.OncePerRequestAbstractMgnlFilter.doFilter(OncePerRequestAbstractMgnlFilter.java:59) [magnolia-core-6.2.5.jar:?]
	at info.magnolia.cms.filters.MgnlFilterChain.doFilter(MgnlFilterChain.java:79) [magnolia-core-6.2.5.jar:?]
	at info.magnolia.module.site.filters.SiteMergeFilter.doFilter(SiteMergeFilter.java:119) [magnolia-site-1.4.jar:?]
	at info.magnolia.cms.filters.AbstractMgnlFilter.doFilter(AbstractMgnlFilter.java:85) [magnolia-core-6.2.5.jar:?]
	at info.magnolia.cms.filters.MgnlFilterChain.doFilter(MgnlFilterChain.java:79) [magnolia-core-6.2.5.jar:?]
	at info.magnolia.cms.filters.MultiChannelFilter.doFilter(MultiChannelFilter.java:83) [magnolia-core-6.2.5.jar:?]
	at info.magnolia.cms.filters.AbstractMgnlFilter.doFilter(AbstractMgnlFilter.java:85) [magnolia-core-6.2.5.jar:?]
	at info.magnolia.cms.filters.MgnlFilterChain.doFilter(MgnlFilterChain.java:79) [magnolia-core-6.2.5.jar:?]
	at info.magnolia.module.cache.filter.GZipFilter.doFilter(GZipFilter.java:74) [magnolia-cache-core-5.9.2.jar:?]
	at info.magnolia.cms.filters.OncePerRequestAbstractMgnlFilter.doFilter(OncePerRequestAbstractMgnlFilter.java:59) [magnolia-core-6.2.5.jar:?]
	at info.magnolia.cms.filters.MgnlFilterChain.doFilter(MgnlFilterChain.java:79) [magnolia-core-6.2.5.jar:?]
	at info.magnolia.cms.filters.MgnlFilterChain.doFilter(MgnlFilterChain.java:81) [magnolia-core-6.2.5.jar:?]
	at info.magnolia.cms.security.auth.login.LoginFilter.doFilter(LoginFilter.java:128) [magnolia-core-6.2.5.jar:?]
	at info.magnolia.cms.filters.AbstractMgnlFilter.doFilter(AbstractMgnlFilter.java:85) [magnolia-core-6.2.5.jar:?]
	at info.magnolia.cms.filters.MgnlFilterChain.doFilter(MgnlFilterChain.java:79) [magnolia-core-6.2.5.jar:?]
	at info.magnolia.cms.security.CsrfTokenSecurityFilter.doFilter(CsrfTokenSecurityFilter.java:107) [magnolia-core-6.2.5.jar:?]
	at info.magnolia.cms.filters.AbstractMgnlFilter.doFilter(AbstractMgnlFilter.java:85) [magnolia-core-6.2.5.jar:?]
	at info.magnolia.cms.filters.MgnlFilterChain.doFilter(MgnlFilterChain.java:79) [magnolia-core-6.2.5.jar:?]
	at info.magnolia.cms.filters.MgnlFilterChain.doFilter(MgnlFilterChain.java:81) [magnolia-core-6.2.5.jar:?]
	at info.magnolia.cms.filters.MultipartRequestFilter.doFilter(MultipartRequestFilter.java:151) [magnolia-core-6.2.5.jar:?]
	at info.magnolia.cms.filters.OncePerRequestAbstractMgnlFilter.doFilter(OncePerRequestAbstractMgnlFilter.java:59) [magnolia-core-6.2.5.jar:?]
	at info.magnolia.cms.filters.MgnlFilterChain.doFilter(MgnlFilterChain.java:79) [magnolia-core-6.2.5.jar:?]
	at info.magnolia.cms.filters.ContentTypeFilter.doFilter(ContentTypeFilter.java:155) [magnolia-core-6.2.5.jar:?]
	at info.magnolia.cms.filters.AbstractMgnlFilter.doFilter(AbstractMgnlFilter.java:85) [magnolia-core-6.2.5.jar:?]
	at info.magnolia.cms.filters.MgnlFilterChain.doFilter(MgnlFilterChain.java:79) [magnolia-core-6.2.5.jar:?]
	at info.magnolia.cms.filters.ContextFilter.doFilter(ContextFilter.java:128) [magnolia-core-6.2.5.jar:?]
	at info.magnolia.cms.filters.AbstractMgnlFilter.doFilter(AbstractMgnlFilter.java:85) [magnolia-core-6.2.5.jar:?]
	at info.magnolia.cms.filters.MgnlFilterChain.doFilter(MgnlFilterChain.java:79) [magnolia-core-6.2.5.jar:?]
	at info.magnolia.cms.filters.CompositeFilter.doFilter(CompositeFilter.java:65) [magnolia-core-6.2.5.jar:?]
	at info.magnolia.cms.filters.AbstractMgnlFilter.doFilter(AbstractMgnlFilter.java:85) [magnolia-core-6.2.5.jar:?]
	at info.magnolia.cms.filters.SafeDestroyMgnlFilterWrapper.doFilter(SafeDestroyMgnlFilterWrapper.java:107) [magnolia-core-6.2.5.jar:?]
	at info.magnolia.cms.filters.MgnlFilterDispatcher.doDispatch(MgnlFilterDispatcher.java:67) [magnolia-core-6.2.5.jar:?]
	at info.magnolia.cms.filters.MgnlMainFilter.doFilter(MgnlMainFilter.java:110) [magnolia-core-6.2.5.jar:?]
	at info.magnolia.cms.filters.MgnlMainFilter.doFilter(MgnlMainFilter.java:96) [magnolia-core-6.2.5.jar:?]
	at org.apache.catalina.core.ApplicationFilterChain.internalDoFilter(ApplicationFilterChain.java:193) [catalina.jar:9.0.39]
	at org.apache.catalina.core.ApplicationFilterChain.doFilter(ApplicationFilterChain.java:166) [catalina.jar:9.0.39]
	at org.apache.catalina.core.StandardWrapperValve.invoke(StandardWrapperValve.java:202) [catalina.jar:9.0.39]
	at org.apache.catalina.core.StandardContextValve.invoke(StandardContextValve.java:97) [catalina.jar:9.0.39]
	at org.apache.catalina.authenticator.AuthenticatorBase.invoke(AuthenticatorBase.java:542) [catalina.jar:9.0.39]
	at org.apache.catalina.core.StandardHostValve.invoke(StandardHostValve.java:143) [catalina.jar:9.0.39]
	at org.apache.catalina.valves.ErrorReportValve.invoke(ErrorReportValve.java:92) [catalina.jar:9.0.39]
	at org.apache.catalina.valves.AbstractAccessLogValve.invoke(AbstractAccessLogValve.java:690) [catalina.jar:9.0.39]
	at org.apache.catalina.core.StandardEngineValve.invoke(StandardEngineValve.java:78) [catalina.jar:9.0.39]
	at org.apache.catalina.connector.CoyoteAdapter.service(CoyoteAdapter.java:343) [catalina.jar:9.0.39]
	at org.apache.coyote.http11.Http11Processor.service(Http11Processor.java:374) [tomcat-coyote.jar:9.0.39]
	at org.apache.coyote.AbstractProcessorLight.process(AbstractProcessorLight.java:65) [tomcat-coyote.jar:9.0.39]
	at org.apache.coyote.AbstractProtocol$ConnectionHandler.process(AbstractProtocol.java:868) [tomcat-coyote.jar:9.0.39]
	at org.apache.tomcat.util.net.NioEndpoint$SocketProcessor.doRun(NioEndpoint.java:1590) [tomcat-coyote.jar:9.0.39]
	at org.apache.tomcat.util.net.SocketProcessorBase.run(SocketProcessorBase.java:49) [tomcat-coyote.jar:9.0.39]
	at java.util.concurrent.ThreadPoolExecutor.runWorker(ThreadPoolExecutor.java:1149) [?:1.8.0_275]
	at java.util.concurrent.ThreadPoolExecutor$Worker.run(ThreadPoolExecutor.java:624) [?:1.8.0_275]
	at org.apache.tomcat.util.threads.TaskThread$WrappingRunnable.run(TaskThread.java:61) [tomcat-util.jar:9.0.39]
	at java.lang.Thread.run(Thread.java:748) [?:1.8.0_275]
Caused by: info.magnolia.rendering.engine.RenderException: Failed to find the spa template script '/angular-minimal-lm/webresources/build/index.html'
	at info.magnolia.rendering.spa.renderer.SpaRenderer.render(SpaRenderer.java:194) ~[magnolia-spa-rendering-6.2.4.jar:?]
	at info.magnolia.rendering.spa.renderer.SpaRenderer.onRender(SpaRenderer.java:107) ~[magnolia-spa-rendering-6.2.4.jar:?]
	... 112 more
