24-Dec-2020 11:07:15.559 INFO [main] org.apache.catalina.startup.VersionLoggerListener.log Server version name:   Apache Tomcat/9.0.39
24-Dec-2020 11:07:15.564 INFO [main] org.apache.catalina.startup.VersionLoggerListener.log Server built:          Oct 6 2020 14:11:46 UTC
24-Dec-2020 11:07:15.569 INFO [main] org.apache.catalina.startup.VersionLoggerListener.log Server version number: 9.0.39.0
24-Dec-2020 11:07:15.569 INFO [main] org.apache.catalina.startup.VersionLoggerListener.log OS Name:               Mac OS X
24-Dec-2020 11:07:15.571 INFO [main] org.apache.catalina.startup.VersionLoggerListener.log OS Version:            10.16
24-Dec-2020 11:07:15.572 INFO [main] org.apache.catalina.startup.VersionLoggerListener.log Architecture:          x86_64
24-Dec-2020 11:07:15.572 INFO [main] org.apache.catalina.startup.VersionLoggerListener.log Java Home:             /Library/Java/JavaVirtualMachines/adoptopenjdk-8.jdk/Contents/Home/jre
24-Dec-2020 11:07:15.573 INFO [main] org.apache.catalina.startup.VersionLoggerListener.log JVM Version:           1.8.0_275-b01
24-Dec-2020 11:07:15.574 INFO [main] org.apache.catalina.startup.VersionLoggerListener.log JVM Vendor:            AdoptOpenJDK
24-Dec-2020 11:07:15.574 INFO [main] org.apache.catalina.startup.VersionLoggerListener.log CATALINA_BASE:         /Users/hcg/IntelliJIDEAProjects/minimal-headless-spa/magnolia/apache-tomcat
24-Dec-2020 11:07:15.575 INFO [main] org.apache.catalina.startup.VersionLoggerListener.log CATALINA_HOME:         /Users/hcg/IntelliJIDEAProjects/minimal-headless-spa/magnolia/apache-tomcat
24-Dec-2020 11:07:15.605 INFO [main] org.apache.catalina.startup.VersionLoggerListener.log Command line argument: -Djava.util.logging.config.file=/Users/hcg/IntelliJIDEAProjects/minimal-headless-spa/magnolia/apache-tomcat/conf/logging.properties
24-Dec-2020 11:07:15.606 INFO [main] org.apache.catalina.startup.VersionLoggerListener.log Command line argument: -Djava.util.logging.manager=org.apache.juli.ClassLoaderLogManager
24-Dec-2020 11:07:15.606 INFO [main] org.apache.catalina.startup.VersionLoggerListener.log Command line argument: -Djdk.tls.ephemeralDHKeySize=2048
24-Dec-2020 11:07:15.606 INFO [main] org.apache.catalina.startup.VersionLoggerListener.log Command line argument: -Djava.protocol.handler.pkgs=org.apache.catalina.webresources
24-Dec-2020 11:07:15.606 INFO [main] org.apache.catalina.startup.VersionLoggerListener.log Command line argument: -Dorg.apache.catalina.security.SecurityListener.UMASK=0027
24-Dec-2020 11:07:15.607 INFO [main] org.apache.catalina.startup.VersionLoggerListener.log Command line argument: -Xms64M
24-Dec-2020 11:07:15.607 INFO [main] org.apache.catalina.startup.VersionLoggerListener.log Command line argument: -Xmx2048M
24-Dec-2020 11:07:15.607 INFO [main] org.apache.catalina.startup.VersionLoggerListener.log Command line argument: -Djava.awt.headless=true
24-Dec-2020 11:07:15.608 INFO [main] org.apache.catalina.startup.VersionLoggerListener.log Command line argument: -Dignore.endorsed.dirs=
24-Dec-2020 11:07:15.609 INFO [main] org.apache.catalina.startup.VersionLoggerListener.log Command line argument: -Dcatalina.base=/Users/hcg/IntelliJIDEAProjects/minimal-headless-spa/magnolia/apache-tomcat
24-Dec-2020 11:07:15.609 INFO [main] org.apache.catalina.startup.VersionLoggerListener.log Command line argument: -Dcatalina.home=/Users/hcg/IntelliJIDEAProjects/minimal-headless-spa/magnolia/apache-tomcat
24-Dec-2020 11:07:15.609 INFO [main] org.apache.catalina.startup.VersionLoggerListener.log Command line argument: -Djava.io.tmpdir=/Users/hcg/IntelliJIDEAProjects/minimal-headless-spa/magnolia/apache-tomcat/temp
24-Dec-2020 11:07:15.612 INFO [main] org.apache.catalina.core.AprLifecycleListener.lifecycleEvent The Apache Tomcat Native library which allows using OpenSSL was not found on the java.library.path: [/Users/hcg/Library/Java/Extensions:/Library/Java/Extensions:/Network/Library/Java/Extensions:/System/Library/Java/Extensions:/usr/lib/java:.]
24-Dec-2020 11:07:16.099 INFO [main] org.apache.coyote.AbstractProtocol.init Initializing ProtocolHandler ["http-nio-8080"]
24-Dec-2020 11:07:16.167 INFO [main] org.apache.catalina.startup.Catalina.load Server initialization in [924] milliseconds
24-Dec-2020 11:07:16.241 INFO [main] org.apache.catalina.core.StandardService.startInternal Starting service [Catalina]
24-Dec-2020 11:07:16.242 INFO [main] org.apache.catalina.core.StandardEngine.startInternal Starting Servlet engine: [Apache Tomcat/9.0.39]
24-Dec-2020 11:07:16.259 INFO [main] org.apache.catalina.startup.HostConfig.deployDirectory Deploying web application directory [/Users/hcg/IntelliJIDEAProjects/minimal-headless-spa/magnolia/apache-tomcat/webapps/magnoliaAuthor]
24-Dec-2020 11:08:37.648 INFO [main] org.atmosphere.cpr.AtmosphereFramework.addAtmosphereHandler Installed AtmosphereHandler com.vaadin.server.communication.PushAtmosphereHandler mapped to context-path: /*
24-Dec-2020 11:08:37.648 INFO [main] org.atmosphere.cpr.AtmosphereFramework.addAtmosphereHandler Installed the following AtmosphereInterceptor mapped to AtmosphereHandler com.vaadin.server.communication.PushAtmosphereHandler
24-Dec-2020 11:08:37.742 INFO [main] org.atmosphere.cpr.AtmosphereFramework.autoConfigureService Atmosphere is using org.atmosphere.util.VoidAnnotationProcessor for processing annotation
24-Dec-2020 11:08:37.768 INFO [main] org.atmosphere.util.ForkJoinPool.<init> Using ForkJoinPool  java.util.concurrent.ForkJoinPool. Set the org.atmosphere.cpr.broadcaster.maxAsyncWriteThreads to -1 to fully use its power.
24-Dec-2020 11:08:37.787 INFO [main] org.atmosphere.cpr.AtmosphereFramework.initWebSocket Installed WebSocketProtocol org.atmosphere.websocket.protocol.SimpleHttpProtocol 
24-Dec-2020 11:08:37.828 INFO [main] org.atmosphere.cpr.AtmosphereFramework.configureAtmosphereInterceptor Installing Default AtmosphereInterceptors
24-Dec-2020 11:08:37.830 INFO [main] org.atmosphere.cpr.AtmosphereFramework.newAInterceptor 	org.atmosphere.interceptor.CorsInterceptor : CORS Interceptor Support
24-Dec-2020 11:08:37.830 INFO [main] org.atmosphere.cpr.AtmosphereFramework.newAInterceptor 	org.atmosphere.interceptor.CacheHeadersInterceptor : Default Response's Headers Interceptor
24-Dec-2020 11:08:37.832 INFO [main] org.atmosphere.cpr.AtmosphereFramework.newAInterceptor 	org.atmosphere.interceptor.PaddingAtmosphereInterceptor : Browser Padding Interceptor Support
24-Dec-2020 11:08:37.832 INFO [main] org.atmosphere.cpr.AtmosphereFramework.newAInterceptor 	org.atmosphere.interceptor.AndroidAtmosphereInterceptor : Android Interceptor Support
24-Dec-2020 11:08:37.835 INFO [main] org.atmosphere.cpr.AtmosphereFramework.newAInterceptor 	org.atmosphere.interceptor.HeartbeatInterceptor : Heartbeat Interceptor Support
24-Dec-2020 11:08:37.836 INFO [main] org.atmosphere.cpr.AtmosphereFramework.newAInterceptor 	org.atmosphere.interceptor.SSEAtmosphereInterceptor : SSE Interceptor Support
24-Dec-2020 11:08:37.837 INFO [main] org.atmosphere.cpr.AtmosphereFramework.newAInterceptor 	org.atmosphere.interceptor.JSONPAtmosphereInterceptor : JSONP Interceptor Support
24-Dec-2020 11:08:37.840 INFO [main] org.atmosphere.cpr.AtmosphereFramework.newAInterceptor 	org.atmosphere.interceptor.JavaScriptProtocol : Atmosphere JavaScript Protocol
24-Dec-2020 11:08:37.841 INFO [main] org.atmosphere.cpr.AtmosphereFramework.newAInterceptor 	org.atmosphere.interceptor.WebSocketMessageSuspendInterceptor : org.atmosphere.interceptor.WebSocketMessageSuspendInterceptor
24-Dec-2020 11:08:37.841 INFO [main] org.atmosphere.cpr.AtmosphereFramework.newAInterceptor 	org.atmosphere.interceptor.OnDisconnectInterceptor : Browser disconnection detection
24-Dec-2020 11:08:37.842 INFO [main] org.atmosphere.cpr.AtmosphereFramework.newAInterceptor 	org.atmosphere.interceptor.IdleResourceInterceptor : org.atmosphere.interceptor.IdleResourceInterceptor
24-Dec-2020 11:08:37.842 INFO [main] org.atmosphere.cpr.AtmosphereFramework.configureAtmosphereInterceptor Set org.atmosphere.cpr.AtmosphereInterceptor.disableDefaults to disable them.
24-Dec-2020 11:08:37.842 INFO [main] org.atmosphere.cpr.AtmosphereFramework.addInterceptorToAllWrappers Installed AtmosphereInterceptor CORS Interceptor Support with priority FIRST_BEFORE_DEFAULT 
24-Dec-2020 11:08:37.844 INFO [main] org.atmosphere.cpr.AtmosphereFramework.addInterceptorToAllWrappers Installed AtmosphereInterceptor Default Response's Headers Interceptor with priority AFTER_DEFAULT 
24-Dec-2020 11:08:37.845 INFO [main] org.atmosphere.cpr.AtmosphereFramework.addInterceptorToAllWrappers Installed AtmosphereInterceptor Browser Padding Interceptor Support with priority AFTER_DEFAULT 
24-Dec-2020 11:08:37.846 INFO [main] org.atmosphere.cpr.AtmosphereFramework.addInterceptorToAllWrappers Installed AtmosphereInterceptor Android Interceptor Support with priority AFTER_DEFAULT 
24-Dec-2020 11:08:37.846 INFO [main] org.atmosphere.interceptor.HeartbeatInterceptor.configure HeartbeatInterceptor configured with padding value 'X', client frequency 60 seconds and server frequency 0 seconds
24-Dec-2020 11:08:37.846 INFO [main] org.atmosphere.cpr.AtmosphereFramework.addInterceptorToAllWrappers Installed AtmosphereInterceptor Heartbeat Interceptor Support with priority AFTER_DEFAULT 
24-Dec-2020 11:08:37.846 INFO [main] org.atmosphere.cpr.AtmosphereFramework.addInterceptorToAllWrappers Installed AtmosphereInterceptor SSE Interceptor Support with priority AFTER_DEFAULT 
24-Dec-2020 11:08:37.846 INFO [main] org.atmosphere.cpr.AtmosphereFramework.addInterceptorToAllWrappers Installed AtmosphereInterceptor JSONP Interceptor Support with priority AFTER_DEFAULT 
24-Dec-2020 11:08:37.847 INFO [main] org.atmosphere.cpr.AtmosphereFramework.addInterceptorToAllWrappers Installed AtmosphereInterceptor Atmosphere JavaScript Protocol with priority AFTER_DEFAULT 
24-Dec-2020 11:08:37.847 INFO [main] org.atmosphere.cpr.AtmosphereFramework.addInterceptorToAllWrappers Installed AtmosphereInterceptor org.atmosphere.interceptor.WebSocketMessageSuspendInterceptor with priority AFTER_DEFAULT 
24-Dec-2020 11:08:37.847 INFO [main] org.atmosphere.cpr.AtmosphereFramework.addInterceptorToAllWrappers Installed AtmosphereInterceptor Browser disconnection detection with priority AFTER_DEFAULT 
24-Dec-2020 11:08:37.847 INFO [main] org.atmosphere.cpr.AtmosphereFramework.addInterceptorToAllWrappers Installed AtmosphereInterceptor org.atmosphere.interceptor.IdleResourceInterceptor with priority BEFORE_DEFAULT 
24-Dec-2020 11:08:37.848 INFO [main] org.atmosphere.cpr.AtmosphereFramework.info Using EndpointMapper class org.atmosphere.util.DefaultEndpointMapper
24-Dec-2020 11:08:37.848 INFO [main] org.atmosphere.cpr.AtmosphereFramework.info Using BroadcasterCache: org.atmosphere.cache.UUIDBroadcasterCache
24-Dec-2020 11:08:37.848 INFO [main] org.atmosphere.cpr.AtmosphereFramework.info Default Broadcaster Class: org.atmosphere.cpr.DefaultBroadcaster
24-Dec-2020 11:08:37.848 INFO [main] org.atmosphere.cpr.AtmosphereFramework.info Broadcaster Shared List Resources: false
24-Dec-2020 11:08:37.849 INFO [main] org.atmosphere.cpr.AtmosphereFramework.info Broadcaster Polling Wait Time 100
24-Dec-2020 11:08:37.849 INFO [main] org.atmosphere.cpr.AtmosphereFramework.info Shared ExecutorService supported: true
24-Dec-2020 11:08:37.849 INFO [main] org.atmosphere.cpr.AtmosphereFramework.info Messaging ExecutorService Pool Size unavailable - Not instance of ThreadPoolExecutor
24-Dec-2020 11:08:37.849 INFO [main] org.atmosphere.cpr.AtmosphereFramework.info Async I/O Thread Pool Size: 200
24-Dec-2020 11:08:37.849 INFO [main] org.atmosphere.cpr.AtmosphereFramework.info Using BroadcasterFactory: org.atmosphere.cpr.DefaultBroadcasterFactory
24-Dec-2020 11:08:37.849 INFO [main] org.atmosphere.cpr.AtmosphereFramework.info Using AtmosphereResurceFactory: org.atmosphere.cpr.DefaultAtmosphereResourceFactory
24-Dec-2020 11:08:37.850 INFO [main] org.atmosphere.cpr.AtmosphereFramework.info Using WebSocketProcessor: org.atmosphere.websocket.DefaultWebSocketProcessor
24-Dec-2020 11:08:37.857 INFO [main] org.atmosphere.cpr.AtmosphereFramework.info Invoke AtmosphereInterceptor on WebSocket message true
24-Dec-2020 11:08:37.857 INFO [main] org.atmosphere.cpr.AtmosphereFramework.info HttpSession supported: true
24-Dec-2020 11:08:37.857 INFO [main] org.atmosphere.cpr.AtmosphereFramework.info Atmosphere is using org.atmosphere.inject.InjectableObjectFactory for dependency injection and object creation
24-Dec-2020 11:08:37.858 INFO [main] org.atmosphere.cpr.AtmosphereFramework.info Atmosphere is using async support: org.atmosphere.container.Servlet30CometSupport running under container: Apache Tomcat/9.0.39 using javax.servlet/3.0
24-Dec-2020 11:08:37.858 INFO [main] org.atmosphere.cpr.AtmosphereFramework.info Atmosphere Framework 2.4.30.vaadin1 started.
24-Dec-2020 11:08:37.867 INFO [main] org.atmosphere.cpr.AtmosphereFramework.addInterceptorToAllWrappers Installed AtmosphereInterceptor  Track Message Size Interceptor using | with priority BEFORE_DEFAULT 
24-Dec-2020 11:08:38.826 INFO [main] org.atmosphere.cpr.AtmosphereFramework.addAtmosphereHandler Installed AtmosphereHandler com.vaadin.server.communication.PushAtmosphereHandler mapped to context-path: /*
24-Dec-2020 11:08:38.826 INFO [main] org.atmosphere.cpr.AtmosphereFramework.addAtmosphereHandler Installed the following AtmosphereInterceptor mapped to AtmosphereHandler com.vaadin.server.communication.PushAtmosphereHandler
24-Dec-2020 11:08:38.842 INFO [main] org.atmosphere.cpr.AtmosphereFramework.autoConfigureService Atmosphere is using org.atmosphere.util.VoidAnnotationProcessor for processing annotation
24-Dec-2020 11:08:38.850 INFO [main] org.atmosphere.util.ForkJoinPool.<init> Using ForkJoinPool  java.util.concurrent.ForkJoinPool. Set the org.atmosphere.cpr.broadcaster.maxAsyncWriteThreads to -1 to fully use its power.
24-Dec-2020 11:08:38.854 INFO [main] org.atmosphere.cpr.AtmosphereFramework.initWebSocket Installed WebSocketProtocol org.atmosphere.websocket.protocol.SimpleHttpProtocol 
24-Dec-2020 11:08:38.882 INFO [main] org.atmosphere.cpr.AtmosphereFramework.configureAtmosphereInterceptor Installing Default AtmosphereInterceptors
24-Dec-2020 11:08:38.884 INFO [main] org.atmosphere.cpr.AtmosphereFramework.newAInterceptor 	org.atmosphere.interceptor.CorsInterceptor : CORS Interceptor Support
24-Dec-2020 11:08:38.884 INFO [main] org.atmosphere.cpr.AtmosphereFramework.newAInterceptor 	org.atmosphere.interceptor.CacheHeadersInterceptor : Default Response's Headers Interceptor
24-Dec-2020 11:08:38.885 INFO [main] org.atmosphere.cpr.AtmosphereFramework.newAInterceptor 	org.atmosphere.interceptor.PaddingAtmosphereInterceptor : Browser Padding Interceptor Support
24-Dec-2020 11:08:38.885 INFO [main] org.atmosphere.cpr.AtmosphereFramework.newAInterceptor 	org.atmosphere.interceptor.AndroidAtmosphereInterceptor : Android Interceptor Support
24-Dec-2020 11:08:38.885 INFO [main] org.atmosphere.cpr.AtmosphereFramework.newAInterceptor 	org.atmosphere.interceptor.HeartbeatInterceptor : Heartbeat Interceptor Support
24-Dec-2020 11:08:38.886 INFO [main] org.atmosphere.cpr.AtmosphereFramework.newAInterceptor 	org.atmosphere.interceptor.SSEAtmosphereInterceptor : SSE Interceptor Support
24-Dec-2020 11:08:38.886 INFO [main] org.atmosphere.cpr.AtmosphereFramework.newAInterceptor 	org.atmosphere.interceptor.JSONPAtmosphereInterceptor : JSONP Interceptor Support
24-Dec-2020 11:08:38.886 INFO [main] org.atmosphere.cpr.AtmosphereFramework.newAInterceptor 	org.atmosphere.interceptor.JavaScriptProtocol : Atmosphere JavaScript Protocol
24-Dec-2020 11:08:38.886 INFO [main] org.atmosphere.cpr.AtmosphereFramework.newAInterceptor 	org.atmosphere.interceptor.WebSocketMessageSuspendInterceptor : org.atmosphere.interceptor.WebSocketMessageSuspendInterceptor
24-Dec-2020 11:08:38.887 INFO [main] org.atmosphere.cpr.AtmosphereFramework.newAInterceptor 	org.atmosphere.interceptor.OnDisconnectInterceptor : Browser disconnection detection
24-Dec-2020 11:08:38.887 INFO [main] org.atmosphere.cpr.AtmosphereFramework.newAInterceptor 	org.atmosphere.interceptor.IdleResourceInterceptor : org.atmosphere.interceptor.IdleResourceInterceptor
24-Dec-2020 11:08:38.887 INFO [main] org.atmosphere.cpr.AtmosphereFramework.configureAtmosphereInterceptor Set org.atmosphere.cpr.AtmosphereInterceptor.disableDefaults to disable them.
24-Dec-2020 11:08:38.887 INFO [main] org.atmosphere.cpr.AtmosphereFramework.addInterceptorToAllWrappers Installed AtmosphereInterceptor CORS Interceptor Support with priority FIRST_BEFORE_DEFAULT 
24-Dec-2020 11:08:38.887 INFO [main] org.atmosphere.cpr.AtmosphereFramework.addInterceptorToAllWrappers Installed AtmosphereInterceptor Default Response's Headers Interceptor with priority AFTER_DEFAULT 
24-Dec-2020 11:08:38.888 INFO [main] org.atmosphere.cpr.AtmosphereFramework.addInterceptorToAllWrappers Installed AtmosphereInterceptor Browser Padding Interceptor Support with priority AFTER_DEFAULT 
24-Dec-2020 11:08:38.888 INFO [main] org.atmosphere.cpr.AtmosphereFramework.addInterceptorToAllWrappers Installed AtmosphereInterceptor Android Interceptor Support with priority AFTER_DEFAULT 
24-Dec-2020 11:08:38.888 INFO [main] org.atmosphere.interceptor.HeartbeatInterceptor.configure HeartbeatInterceptor configured with padding value 'X', client frequency 60 seconds and server frequency 0 seconds
24-Dec-2020 11:08:38.888 INFO [main] org.atmosphere.cpr.AtmosphereFramework.addInterceptorToAllWrappers Installed AtmosphereInterceptor Heartbeat Interceptor Support with priority AFTER_DEFAULT 
24-Dec-2020 11:08:38.888 INFO [main] org.atmosphere.cpr.AtmosphereFramework.addInterceptorToAllWrappers Installed AtmosphereInterceptor SSE Interceptor Support with priority AFTER_DEFAULT 
24-Dec-2020 11:08:38.888 INFO [main] org.atmosphere.cpr.AtmosphereFramework.addInterceptorToAllWrappers Installed AtmosphereInterceptor JSONP Interceptor Support with priority AFTER_DEFAULT 
24-Dec-2020 11:08:38.889 INFO [main] org.atmosphere.cpr.AtmosphereFramework.addInterceptorToAllWrappers Installed AtmosphereInterceptor Atmosphere JavaScript Protocol with priority AFTER_DEFAULT 
24-Dec-2020 11:08:38.889 INFO [main] org.atmosphere.cpr.AtmosphereFramework.addInterceptorToAllWrappers Installed AtmosphereInterceptor org.atmosphere.interceptor.WebSocketMessageSuspendInterceptor with priority AFTER_DEFAULT 
24-Dec-2020 11:08:38.889 INFO [main] org.atmosphere.cpr.AtmosphereFramework.addInterceptorToAllWrappers Installed AtmosphereInterceptor Browser disconnection detection with priority AFTER_DEFAULT 
24-Dec-2020 11:08:38.889 INFO [main] org.atmosphere.cpr.AtmosphereFramework.addInterceptorToAllWrappers Installed AtmosphereInterceptor org.atmosphere.interceptor.IdleResourceInterceptor with priority BEFORE_DEFAULT 
24-Dec-2020 11:08:38.889 INFO [main] org.atmosphere.cpr.AtmosphereFramework.info Using EndpointMapper class org.atmosphere.util.DefaultEndpointMapper
24-Dec-2020 11:08:38.889 INFO [main] org.atmosphere.cpr.AtmosphereFramework.info Using BroadcasterCache: org.atmosphere.cache.UUIDBroadcasterCache
24-Dec-2020 11:08:38.890 INFO [main] org.atmosphere.cpr.AtmosphereFramework.info Default Broadcaster Class: org.atmosphere.cpr.DefaultBroadcaster
24-Dec-2020 11:08:38.890 INFO [main] org.atmosphere.cpr.AtmosphereFramework.info Broadcaster Shared List Resources: false
24-Dec-2020 11:08:38.890 INFO [main] org.atmosphere.cpr.AtmosphereFramework.info Broadcaster Polling Wait Time 100
24-Dec-2020 11:08:38.890 INFO [main] org.atmosphere.cpr.AtmosphereFramework.info Shared ExecutorService supported: true
24-Dec-2020 11:08:38.890 INFO [main] org.atmosphere.cpr.AtmosphereFramework.info Messaging ExecutorService Pool Size unavailable - Not instance of ThreadPoolExecutor
24-Dec-2020 11:08:38.890 INFO [main] org.atmosphere.cpr.AtmosphereFramework.info Async I/O Thread Pool Size: 200
24-Dec-2020 11:08:38.890 INFO [main] org.atmosphere.cpr.AtmosphereFramework.info Using BroadcasterFactory: org.atmosphere.cpr.DefaultBroadcasterFactory
24-Dec-2020 11:08:38.891 INFO [main] org.atmosphere.cpr.AtmosphereFramework.info Using AtmosphereResurceFactory: org.atmosphere.cpr.DefaultAtmosphereResourceFactory
24-Dec-2020 11:08:38.891 INFO [main] org.atmosphere.cpr.AtmosphereFramework.info Using WebSocketProcessor: org.atmosphere.websocket.DefaultWebSocketProcessor
24-Dec-2020 11:08:38.891 INFO [main] org.atmosphere.cpr.AtmosphereFramework.info Invoke AtmosphereInterceptor on WebSocket message true
24-Dec-2020 11:08:38.891 INFO [main] org.atmosphere.cpr.AtmosphereFramework.info HttpSession supported: true
24-Dec-2020 11:08:38.892 INFO [main] org.atmosphere.cpr.AtmosphereFramework.info Atmosphere is using org.atmosphere.inject.InjectableObjectFactory for dependency injection and object creation
24-Dec-2020 11:08:38.892 INFO [main] org.atmosphere.cpr.AtmosphereFramework.info Atmosphere is using async support: org.atmosphere.container.Servlet30CometSupport running under container: Apache Tomcat/9.0.39 using javax.servlet/3.0
24-Dec-2020 11:08:38.893 INFO [main] org.atmosphere.cpr.AtmosphereFramework.info Atmosphere Framework 2.4.30.vaadin1 started.
24-Dec-2020 11:08:38.893 INFO [main] org.atmosphere.cpr.AtmosphereFramework.addInterceptorToAllWrappers Installed AtmosphereInterceptor  Track Message Size Interceptor using | with priority BEFORE_DEFAULT 
24-Dec-2020 11:08:38.898 INFO [main] org.atmosphere.cpr.AtmosphereFramework.addAtmosphereHandler Installed AtmosphereHandler com.vaadin.server.communication.PushAtmosphereHandler mapped to context-path: /*
24-Dec-2020 11:08:38.898 INFO [main] org.atmosphere.cpr.AtmosphereFramework.addAtmosphereHandler Installed the following AtmosphereInterceptor mapped to AtmosphereHandler com.vaadin.server.communication.PushAtmosphereHandler
24-Dec-2020 11:08:38.911 INFO [main] org.atmosphere.cpr.AtmosphereFramework.autoConfigureService Atmosphere is using org.atmosphere.util.VoidAnnotationProcessor for processing annotation
24-Dec-2020 11:08:38.919 INFO [main] org.atmosphere.util.ForkJoinPool.<init> Using ForkJoinPool  java.util.concurrent.ForkJoinPool. Set the org.atmosphere.cpr.broadcaster.maxAsyncWriteThreads to -1 to fully use its power.
24-Dec-2020 11:08:38.921 INFO [main] org.atmosphere.cpr.AtmosphereFramework.initWebSocket Installed WebSocketProtocol org.atmosphere.websocket.protocol.SimpleHttpProtocol 
24-Dec-2020 11:08:38.945 INFO [main] org.atmosphere.cpr.AtmosphereFramework.configureAtmosphereInterceptor Installing Default AtmosphereInterceptors
24-Dec-2020 11:08:38.945 INFO [main] org.atmosphere.cpr.AtmosphereFramework.newAInterceptor 	org.atmosphere.interceptor.CorsInterceptor : CORS Interceptor Support
24-Dec-2020 11:08:38.946 INFO [main] org.atmosphere.cpr.AtmosphereFramework.newAInterceptor 	org.atmosphere.interceptor.CacheHeadersInterceptor : Default Response's Headers Interceptor
24-Dec-2020 11:08:38.946 INFO [main] org.atmosphere.cpr.AtmosphereFramework.newAInterceptor 	org.atmosphere.interceptor.PaddingAtmosphereInterceptor : Browser Padding Interceptor Support
24-Dec-2020 11:08:38.946 INFO [main] org.atmosphere.cpr.AtmosphereFramework.newAInterceptor 	org.atmosphere.interceptor.AndroidAtmosphereInterceptor : Android Interceptor Support
24-Dec-2020 11:08:38.947 INFO [main] org.atmosphere.cpr.AtmosphereFramework.newAInterceptor 	org.atmosphere.interceptor.HeartbeatInterceptor : Heartbeat Interceptor Support
24-Dec-2020 11:08:38.947 INFO [main] org.atmosphere.cpr.AtmosphereFramework.newAInterceptor 	org.atmosphere.interceptor.SSEAtmosphereInterceptor : SSE Interceptor Support
24-Dec-2020 11:08:38.948 INFO [main] org.atmosphere.cpr.AtmosphereFramework.newAInterceptor 	org.atmosphere.interceptor.JSONPAtmosphereInterceptor : JSONP Interceptor Support
24-Dec-2020 11:08:38.948 INFO [main] org.atmosphere.cpr.AtmosphereFramework.newAInterceptor 	org.atmosphere.interceptor.JavaScriptProtocol : Atmosphere JavaScript Protocol
24-Dec-2020 11:08:38.948 INFO [main] org.atmosphere.cpr.AtmosphereFramework.newAInterceptor 	org.atmosphere.interceptor.WebSocketMessageSuspendInterceptor : org.atmosphere.interceptor.WebSocketMessageSuspendInterceptor
24-Dec-2020 11:08:38.948 INFO [main] org.atmosphere.cpr.AtmosphereFramework.newAInterceptor 	org.atmosphere.interceptor.OnDisconnectInterceptor : Browser disconnection detection
24-Dec-2020 11:08:38.949 INFO [main] org.atmosphere.cpr.AtmosphereFramework.newAInterceptor 	org.atmosphere.interceptor.IdleResourceInterceptor : org.atmosphere.interceptor.IdleResourceInterceptor
24-Dec-2020 11:08:38.949 INFO [main] org.atmosphere.cpr.AtmosphereFramework.configureAtmosphereInterceptor Set org.atmosphere.cpr.AtmosphereInterceptor.disableDefaults to disable them.
24-Dec-2020 11:08:38.949 INFO [main] org.atmosphere.cpr.AtmosphereFramework.addInterceptorToAllWrappers Installed AtmosphereInterceptor CORS Interceptor Support with priority FIRST_BEFORE_DEFAULT 
24-Dec-2020 11:08:38.949 INFO [main] org.atmosphere.cpr.AtmosphereFramework.addInterceptorToAllWrappers Installed AtmosphereInterceptor Default Response's Headers Interceptor with priority AFTER_DEFAULT 
24-Dec-2020 11:08:38.950 INFO [main] org.atmosphere.cpr.AtmosphereFramework.addInterceptorToAllWrappers Installed AtmosphereInterceptor Browser Padding Interceptor Support with priority AFTER_DEFAULT 
24-Dec-2020 11:08:38.950 INFO [main] org.atmosphere.cpr.AtmosphereFramework.addInterceptorToAllWrappers Installed AtmosphereInterceptor Android Interceptor Support with priority AFTER_DEFAULT 
24-Dec-2020 11:08:38.950 INFO [main] org.atmosphere.interceptor.HeartbeatInterceptor.configure HeartbeatInterceptor configured with padding value 'X', client frequency 60 seconds and server frequency 0 seconds
24-Dec-2020 11:08:38.950 INFO [main] org.atmosphere.cpr.AtmosphereFramework.addInterceptorToAllWrappers Installed AtmosphereInterceptor Heartbeat Interceptor Support with priority AFTER_DEFAULT 
24-Dec-2020 11:08:38.950 INFO [main] org.atmosphere.cpr.AtmosphereFramework.addInterceptorToAllWrappers Installed AtmosphereInterceptor SSE Interceptor Support with priority AFTER_DEFAULT 
24-Dec-2020 11:08:38.950 INFO [main] org.atmosphere.cpr.AtmosphereFramework.addInterceptorToAllWrappers Installed AtmosphereInterceptor JSONP Interceptor Support with priority AFTER_DEFAULT 
24-Dec-2020 11:08:38.950 INFO [main] org.atmosphere.cpr.AtmosphereFramework.addInterceptorToAllWrappers Installed AtmosphereInterceptor Atmosphere JavaScript Protocol with priority AFTER_DEFAULT 
24-Dec-2020 11:08:38.951 INFO [main] org.atmosphere.cpr.AtmosphereFramework.addInterceptorToAllWrappers Installed AtmosphereInterceptor org.atmosphere.interceptor.WebSocketMessageSuspendInterceptor with priority AFTER_DEFAULT 
24-Dec-2020 11:08:38.951 INFO [main] org.atmosphere.cpr.AtmosphereFramework.addInterceptorToAllWrappers Installed AtmosphereInterceptor Browser disconnection detection with priority AFTER_DEFAULT 
24-Dec-2020 11:08:38.951 INFO [main] org.atmosphere.cpr.AtmosphereFramework.addInterceptorToAllWrappers Installed AtmosphereInterceptor org.atmosphere.interceptor.IdleResourceInterceptor with priority BEFORE_DEFAULT 
24-Dec-2020 11:08:38.951 INFO [main] org.atmosphere.cpr.AtmosphereFramework.info Using EndpointMapper class org.atmosphere.util.DefaultEndpointMapper
24-Dec-2020 11:08:38.951 INFO [main] org.atmosphere.cpr.AtmosphereFramework.info Using BroadcasterCache: org.atmosphere.cache.UUIDBroadcasterCache
24-Dec-2020 11:08:38.951 INFO [main] org.atmosphere.cpr.AtmosphereFramework.info Default Broadcaster Class: org.atmosphere.cpr.DefaultBroadcaster
24-Dec-2020 11:08:38.952 INFO [main] org.atmosphere.cpr.AtmosphereFramework.info Broadcaster Shared List Resources: false
24-Dec-2020 11:08:38.952 INFO [main] org.atmosphere.cpr.AtmosphereFramework.info Broadcaster Polling Wait Time 100
24-Dec-2020 11:08:38.952 INFO [main] org.atmosphere.cpr.AtmosphereFramework.info Shared ExecutorService supported: true
24-Dec-2020 11:08:38.952 INFO [main] org.atmosphere.cpr.AtmosphereFramework.info Messaging ExecutorService Pool Size unavailable - Not instance of ThreadPoolExecutor
24-Dec-2020 11:08:38.952 INFO [main] org.atmosphere.cpr.AtmosphereFramework.info Async I/O Thread Pool Size: 200
24-Dec-2020 11:08:38.952 INFO [main] org.atmosphere.cpr.AtmosphereFramework.info Using BroadcasterFactory: org.atmosphere.cpr.DefaultBroadcasterFactory
24-Dec-2020 11:08:38.952 INFO [main] org.atmosphere.cpr.AtmosphereFramework.info Using AtmosphereResurceFactory: org.atmosphere.cpr.DefaultAtmosphereResourceFactory
24-Dec-2020 11:08:38.953 INFO [main] org.atmosphere.cpr.AtmosphereFramework.info Using WebSocketProcessor: org.atmosphere.websocket.DefaultWebSocketProcessor
24-Dec-2020 11:08:38.953 INFO [main] org.atmosphere.cpr.AtmosphereFramework.info Invoke AtmosphereInterceptor on WebSocket message true
24-Dec-2020 11:08:38.953 INFO [main] org.atmosphere.cpr.AtmosphereFramework.info HttpSession supported: true
24-Dec-2020 11:08:38.953 INFO [main] org.atmosphere.cpr.AtmosphereFramework.info Atmosphere is using org.atmosphere.inject.InjectableObjectFactory for dependency injection and object creation
24-Dec-2020 11:08:38.953 INFO [main] org.atmosphere.cpr.AtmosphereFramework.info Atmosphere is using async support: org.atmosphere.container.Servlet30CometSupport running under container: Apache Tomcat/9.0.39 using javax.servlet/3.0
24-Dec-2020 11:08:38.953 INFO [main] org.atmosphere.cpr.AtmosphereFramework.info Atmosphere Framework 2.4.30.vaadin1 started.
24-Dec-2020 11:08:38.954 INFO [main] org.atmosphere.cpr.AtmosphereFramework.addInterceptorToAllWrappers Installed AtmosphereInterceptor  Track Message Size Interceptor using | with priority BEFORE_DEFAULT 
24-Dec-2020 11:08:38.993 INFO [main] org.apache.catalina.startup.HostConfig.deployDirectory Deployment of web application directory [/Users/hcg/IntelliJIDEAProjects/minimal-headless-spa/magnolia/apache-tomcat/webapps/magnoliaAuthor] has finished in [82,731] ms
24-Dec-2020 11:08:38.997 INFO [main] org.apache.catalina.startup.HostConfig.deployDirectory Deploying web application directory [/Users/hcg/IntelliJIDEAProjects/minimal-headless-spa/magnolia/apache-tomcat/webapps/ROOT]
24-Dec-2020 11:08:39.030 INFO [main] org.apache.catalina.startup.HostConfig.deployDirectory Deployment of web application directory [/Users/hcg/IntelliJIDEAProjects/minimal-headless-spa/magnolia/apache-tomcat/webapps/ROOT] has finished in [36] ms
24-Dec-2020 11:08:39.031 INFO [main] org.apache.catalina.startup.HostConfig.deployDirectory Deploying web application directory [/Users/hcg/IntelliJIDEAProjects/minimal-headless-spa/magnolia/apache-tomcat/webapps/magnoliaPublic]
24-Dec-2020 11:08:39.060 SEVERE [main] org.apache.catalina.core.StandardContext.startInternal One or more listeners failed to start. Full details will be found in the appropriate container log file
24-Dec-2020 11:08:39.065 SEVERE [main] org.apache.catalina.core.StandardContext.startInternal Context [/magnoliaPublic] startup failed due to previous errors
24-Dec-2020 11:08:39.082 INFO [main] org.apache.catalina.startup.HostConfig.deployDirectory Deployment of web application directory [/Users/hcg/IntelliJIDEAProjects/minimal-headless-spa/magnolia/apache-tomcat/webapps/magnoliaPublic] has finished in [52] ms
24-Dec-2020 11:08:39.088 INFO [main] org.apache.coyote.AbstractProtocol.start Starting ProtocolHandler ["http-nio-8080"]
24-Dec-2020 11:08:39.119 INFO [main] org.apache.catalina.startup.Catalina.start Server startup in [82949] milliseconds
